<?xml version="1.0" encoding="UTF-8"?>
<!-- Generated by org.testng.reporters.JUnitXMLReporter -->
<testsuite ignored="0" hostname="Rithesh" failures="1" tests="3" name="Test" time="27.176" errors="0" timestamp="2026-03-14T15:22:38 IST">
  <testcase classname="test.MainClass" name="testmethod" time="8.326">
    <skipped/>
  </testcase> <!-- testmethod -->
  <testcase classname="test.MainClass" name="testmethod" time="2.521">
    <skipped/>
  </testcase> <!-- testmethod -->
  <testcase classname="test.MainClass" name="testmethod" time="2.768">
    <failure type="java.lang.AssertionError" message="null">
      <![CDATA[java.lang.AssertionError: null
at pages.LoginPage.failtestcase(LoginPage.java:42)
at test.MainClass.testmethod(MainClass.java:29)
at java.base/java.util.concurrent.ThreadPoolExecutor.runWorker(ThreadPoolExecutor.java:1144)
at java.base/java.util.concurrent.ThreadPoolExecutor$Worker.run(ThreadPoolExecutor.java:642)
at java.base/java.lang.Thread.run(Thread.java:1583)
... Removed 12 stack frames]]>
    </failure>
  </testcase> <!-- testmethod -->
</testsuite> <!-- Test -->
