<?xml version="1.0" encoding="UTF-8"?>
<!-- Generated by org.testng.reporters.JUnitXMLReporter -->
<testsuite ignored="0" hostname="Rithesh" failures="1" tests="3" name="Test" time="23.798" errors="0" timestamp="2026-01-10T20:52:40 IST">
  <testcase classname="test.MainClass" name="testmethod" time="7.465">
    <skipped/>
  </testcase> <!-- testmethod -->
  <testcase classname="test.MainClass" name="testmethod" time="2.62">
    <skipped/>
  </testcase> <!-- testmethod -->
  <testcase classname="test.MainClass" name="testmethod" time="1.369">
    <failure type="java.lang.AssertionError" message="null">
      <![CDATA[java.lang.AssertionError: null
at pages.LoginPage.failtestcase(LoginPage.java:42)
at test.MainClass.testmethod(MainClass.java:29)
at java.base/java.util.ArrayList.forEach(ArrayList.java:1596)
... Removed 27 stack frames]]>
    </failure>
  </testcase> <!-- testmethod -->
</testsuite> <!-- Test -->
